[debug] [2024-05-02T15:08:08.141Z] ----------------------------------------------------------------------
[debug] [2024-05-02T15:08:08.143Z] Command:       /usr/local/bin/node /usr/local/bin/firebase deploy
[debug] [2024-05-02T15:08:08.143Z] CLI Version:   13.7.5
[debug] [2024-05-02T15:08:08.144Z] Platform:      darwin
[debug] [2024-05-02T15:08:08.144Z] Node Version:  v20.12.2
[debug] [2024-05-02T15:08:08.144Z] Time:          Thu May 02 2024 23:08:08 GMT+0800 (Taipei Standard Time)
[debug] [2024-05-02T15:08:08.144Z] ----------------------------------------------------------------------
[debug] 
[debug] [2024-05-02T15:08:08.180Z] > command requires scopes: ["email","openid","https://www.googleapis.com/auth/cloudplatformprojects.readonly","https://www.googleapis.com/auth/firebase","https://www.googleapis.com/auth/cloud-platform"]
[debug] [2024-05-02T15:08:08.180Z] > authorizing via signed-in user (hihahanaisme@gmail.com)
[debug] [2024-05-02T15:08:08.180Z] [iam] checking project hahha-chatroom for permissions ["firebase.projects.get","firebasedatabase.instances.update","firebasehosting.sites.update","firebaserules.releases.create","firebaserules.releases.update","firebaserules.rulesets.create"]
[debug] [2024-05-02T15:08:08.181Z] >>> [apiv2][query] POST https://cloudresourcemanager.googleapis.com/v1/projects/hahha-chatroom:testIamPermissions [none]
[debug] [2024-05-02T15:08:08.181Z] >>> [apiv2][(partial)header] POST https://cloudresourcemanager.googleapis.com/v1/projects/hahha-chatroom:testIamPermissions x-goog-quota-user=projects/hahha-chatroom
[debug] [2024-05-02T15:08:08.181Z] >>> [apiv2][body] POST https://cloudresourcemanager.googleapis.com/v1/projects/hahha-chatroom:testIamPermissions {"permissions":["firebase.projects.get","firebasedatabase.instances.update","firebasehosting.sites.update","firebaserules.releases.create","firebaserules.releases.update","firebaserules.rulesets.create"]}
[debug] [2024-05-02T15:08:09.019Z] <<< [apiv2][status] POST https://cloudresourcemanager.googleapis.com/v1/projects/hahha-chatroom:testIamPermissions 200
[debug] [2024-05-02T15:08:09.019Z] <<< [apiv2][body] POST https://cloudresourcemanager.googleapis.com/v1/projects/hahha-chatroom:testIamPermissions {"permissions":["firebase.projects.get","firebasedatabase.instances.update","firebasehosting.sites.update","firebaserules.releases.create","firebaserules.releases.update","firebaserules.rulesets.create"]}
[debug] [2024-05-02T15:08:09.020Z] >>> [apiv2][query] GET https://firebase.googleapis.com/v1beta1/projects/hahha-chatroom [none]
[debug] [2024-05-02T15:08:09.451Z] <<< [apiv2][status] GET https://firebase.googleapis.com/v1beta1/projects/hahha-chatroom 200
[debug] [2024-05-02T15:08:09.452Z] <<< [apiv2][body] GET https://firebase.googleapis.com/v1beta1/projects/hahha-chatroom {"projectId":"hahha-chatroom","projectNumber":"882434854484","displayName":"Hahha ChatRoom","name":"projects/hahha-chatroom","resources":{"hostingSite":"hahha-chatroom","realtimeDatabaseInstance":"hahha-chatroom-default-rtdb","storageBucket":"hahha-chatroom.appspot.com","locationId":"us-central"},"state":"ACTIVE","etag":"1_c262a079-4bd0-4b67-8c8c-5ad0b0a0bbb0"}
[debug] [2024-05-02T15:08:09.452Z] >>> [apiv2][query] GET https://firebase.googleapis.com/v1beta1/projects/hahha-chatroom [none]
[debug] [2024-05-02T15:08:09.669Z] <<< [apiv2][status] GET https://firebase.googleapis.com/v1beta1/projects/hahha-chatroom 200
[debug] [2024-05-02T15:08:09.669Z] <<< [apiv2][body] GET https://firebase.googleapis.com/v1beta1/projects/hahha-chatroom {"projectId":"hahha-chatroom","projectNumber":"882434854484","displayName":"Hahha ChatRoom","name":"projects/hahha-chatroom","resources":{"hostingSite":"hahha-chatroom","realtimeDatabaseInstance":"hahha-chatroom-default-rtdb","storageBucket":"hahha-chatroom.appspot.com","locationId":"us-central"},"state":"ACTIVE","etag":"1_c262a079-4bd0-4b67-8c8c-5ad0b0a0bbb0"}
[info] 
[info] === Deploying to 'hahha-chatroom'...
[info] 
[info] i  deploying database, storage, hosting 
[info] i  database: checking rules syntax... 
[debug] [2024-05-02T15:08:09.674Z] >>> [apiv2][query] GET https://firebasedatabase.googleapis.com/v1beta/projects/hahha-chatroom/locations/-/instances/hahha-chatroom-default-rtdb [none]
[debug] [2024-05-02T15:08:10.989Z] <<< [apiv2][status] GET https://firebasedatabase.googleapis.com/v1beta/projects/hahha-chatroom/locations/-/instances/hahha-chatroom-default-rtdb 200
[debug] [2024-05-02T15:08:10.989Z] <<< [apiv2][body] GET https://firebasedatabase.googleapis.com/v1beta/projects/hahha-chatroom/locations/-/instances/hahha-chatroom-default-rtdb {"name":"projects/882434854484/locations/us-central1/instances/hahha-chatroom-default-rtdb","project":"projects/882434854484","databaseUrl":"https://hahha-chatroom-default-rtdb.firebaseio.com","type":"DEFAULT_DATABASE","state":"ACTIVE"}
[debug] [2024-05-02T15:08:10.992Z] >>> [apiv2][query] PUT https://hahha-chatroom-default-rtdb.firebaseio.com/.settings/rules.json dryRun=true
[debug] [2024-05-02T15:08:10.993Z] >>> [apiv2][body] PUT https://hahha-chatroom-default-rtdb.firebaseio.com/.settings/rules.json "{\n  /* Visit https://firebase.google.com/docs/database/security to learn more about security rules. */\n  \"rules\": {\n    \".read\": true,\n    \".write\": true\n  }\n}"
[debug] [2024-05-02T15:08:11.389Z] <<< [apiv2][status] PUT https://hahha-chatroom-default-rtdb.firebaseio.com/.settings/rules.json 200
[debug] [2024-05-02T15:08:11.389Z] <<< [apiv2][body] PUT https://hahha-chatroom-default-rtdb.firebaseio.com/.settings/rules.json {"status":"ok"}
[info] ✔  database: rules syntax for database hahha-chatroom-default-rtdb is valid 
[info] i  storage: ensuring required API firebasestorage.googleapis.com is enabled... 
[debug] [2024-05-02T15:08:11.392Z] >>> [apiv2][query] GET https://serviceusage.googleapis.com/v1/projects/hahha-chatroom/services/firebasestorage.googleapis.com [none]
[debug] [2024-05-02T15:08:11.392Z] >>> [apiv2][(partial)header] GET https://serviceusage.googleapis.com/v1/projects/hahha-chatroom/services/firebasestorage.googleapis.com x-goog-quota-user=projects/hahha-chatroom
[debug] [2024-05-02T15:08:12.566Z] <<< [apiv2][status] GET https://serviceusage.googleapis.com/v1/projects/hahha-chatroom/services/firebasestorage.googleapis.com 200
[debug] [2024-05-02T15:08:12.566Z] <<< [apiv2][body] GET https://serviceusage.googleapis.com/v1/projects/hahha-chatroom/services/firebasestorage.googleapis.com [omitted]
[info] ✔  storage: required API firebasestorage.googleapis.com is enabled 
[debug] [2024-05-02T15:08:12.567Z] >>> [apiv2][query] GET https://firebasestorage.googleapis.com/v1alpha/projects/hahha-chatroom/defaultBucket [none]
[debug] [2024-05-02T15:08:13.790Z] <<< [apiv2][status] GET https://firebasestorage.googleapis.com/v1alpha/projects/hahha-chatroom/defaultBucket 200
[debug] [2024-05-02T15:08:13.790Z] <<< [apiv2][body] GET https://firebasestorage.googleapis.com/v1alpha/projects/hahha-chatroom/defaultBucket {"name":"projects/hahha-chatroom/defaultBucket","location":"US","bucket":{"name":"projects/hahha-chatroom/buckets/hahha-chatroom.appspot.com"}}
[info] i  firebase.storage: checking storage.rules for compilation errors... 
[debug] [2024-05-02T15:08:13.792Z] >>> [apiv2][query] POST https://firebaserules.googleapis.com/v1/projects/hahha-chatroom:test [none]
[debug] [2024-05-02T15:08:13.792Z] >>> [apiv2][body] POST https://firebaserules.googleapis.com/v1/projects/hahha-chatroom:test [omitted]
[debug] [2024-05-02T15:08:14.772Z] <<< [apiv2][status] POST https://firebaserules.googleapis.com/v1/projects/hahha-chatroom:test 200
[debug] [2024-05-02T15:08:14.772Z] <<< [apiv2][body] POST https://firebaserules.googleapis.com/v1/projects/hahha-chatroom:test {}
[info] ✔  firebase.storage: rules file storage.rules compiled successfully 
[debug] [2024-05-02T15:08:14.783Z] >>> [apiv2][query] POST https://firebasehosting.googleapis.com/v1beta1/projects/-/sites/hahha-chatroom/versions [none]
[debug] [2024-05-02T15:08:14.783Z] >>> [apiv2][body] POST https://firebasehosting.googleapis.com/v1beta1/projects/-/sites/hahha-chatroom/versions {"status":"CREATED","labels":{"deployment-tool":"cli-firebase"}}
[debug] [2024-05-02T15:08:15.493Z] <<< [apiv2][status] POST https://firebasehosting.googleapis.com/v1beta1/projects/-/sites/hahha-chatroom/versions 200
[debug] [2024-05-02T15:08:15.493Z] <<< [apiv2][body] POST https://firebasehosting.googleapis.com/v1beta1/projects/-/sites/hahha-chatroom/versions {"name":"projects/882434854484/sites/hahha-chatroom/versions/478376df21750fbd","status":"CREATED","config":{},"labels":{"deployment-tool":"cli-firebase"}}
[debug] [2024-05-02T15:08:15.494Z] >>> [apiv2][query] GET https://firebaserules.googleapis.com/v1/projects/hahha-chatroom/releases pageSize=10&pageToken=
[debug] [2024-05-02T15:08:16.472Z] <<< [apiv2][status] GET https://firebaserules.googleapis.com/v1/projects/hahha-chatroom/releases 200
[debug] [2024-05-02T15:08:16.472Z] <<< [apiv2][body] GET https://firebaserules.googleapis.com/v1/projects/hahha-chatroom/releases {"releases":[{"name":"projects/hahha-chatroom/releases/firebase.storage/hahha-chatroom.appspot.com","rulesetName":"projects/hahha-chatroom/rulesets/938cae68-02c2-41de-b91e-4be44c2bf38b","createTime":"2024-05-01T05:40:57.964661Z","updateTime":"2024-05-02T14:35:02.051671Z"}]}
[debug] [2024-05-02T15:08:16.473Z] >>> [apiv2][query] GET https://firebaserules.googleapis.com/v1/projects/hahha-chatroom/rulesets/938cae68-02c2-41de-b91e-4be44c2bf38b [none]
